<?xml version="1.0" encoding="UTF-8"?>
<testsuite name="org.example.TreiberStackTest" tests="1" skipped="0" failures="0" errors="0" timestamp="2024-12-05T05:31:34" hostname="DESKTOP-2F84RKM" time="13.279">
  <properties/>
  <testcase name="test()" classname="org.example.TreiberStackTest" time="13.279"/>
  <system-out><![CDATA[]]></system-out>
  <system-err><![CDATA[To make verification faster, you can specify the state equivalence relation on your sequential specification.
At the current moment, `TreiberStackTest` does not specify it, or the equivalence relation implementation is incorrect.
To fix this, please implement `equals()` and `hashCode()` functions on `TreiberStackTest`; the simplest way is to extend `VerifierState`
and override the `extractState()` function, which is called at once and the result of which is used for further `equals()` and `hashCode()` invocations.
]]></system-err>
</testsuite>
